modulesCore/classificationview/build/intermediates/manifest_merge_blame_file/debug/processDebugManifest/manifest-merger-blame-debug-report.txt
1<?xml version="1.0" encoding="utf-8"?>
2<manifest xmlns:android="http://schemas.android.com/apk/res/android"
3    package="com.example.module.classificationview" >
4
5    <uses-sdk android:minSdkVersion="28" />
6
7    <application>
7-->src\main\AndroidManifest.xml:4:5-13:19
8        <activity
8-->src\main\AndroidManifest.xml:5:9-8:20
9            android:name="com.example.module.classificationview.view.ClassificationActivity"
9-->src\main\AndroidManifest.xml:6:13-56
10            android:exported="true" >
10-->src\main\AndroidManifest.xml:7:13-36
11        </activity>
12        <activity
12-->src\main\AndroidManifest.xml:9:9-12:20
13            android:name="com.example.module.classificationview.view.CategoryDetailsActivity"
13-->src\main\AndroidManifest.xml:10:13-57
14            android:exported="true" >
14-->src\main\AndroidManifest.xml:11:13-36
15        </activity>
16    </application>
17
18</manifest>